/usr/local/opt/spider_news_all/spider_news_all/spiders/akamai_blog.py:10: ScrapyDeprecationWarning: Module `scrapy.log` has been deprecated, Scrapy now relies on the builtin Python library for logging. Read the updated logging entry in the documentation to learn more.
  from scrapy import log
2018-09-12 11:00:01 [scrapy.utils.log] INFO: Scrapy 1.5.1 started (bot: spider_news_all)
2018-09-12 11:00:01 [scrapy.utils.log] INFO: Versions: lxml 4.2.4.0, libxml2 2.9.8, cssselect 1.0.3, parsel 1.5.0, w3lib 1.19.0, Twisted 18.7.0, Python 2.7.5 (default, Jul 13 2018, 13:06:57) - [GCC 4.8.5 20150623 (Red Hat 4.8.5-28)], pyOpenSSL 18.0.0 (OpenSSL 1.1.0i  14 Aug 2018), cryptography 2.3.1, Platform Linux-4.9.0-1.el7.elrepo.x86_64-x86_64-with-centos-7.2.1511-Core
2018-09-12 11:00:01 [scrapy.crawler] INFO: Overridden settings: {'NEWSPIDER_MODULE': 'spider_news_all.spiders', 'LOG_LEVEL': 'INFO', 'CONCURRENT_REQUESTS_PER_DOMAIN': 4, 'SPIDER_MODULES': ['spider_news_all.spiders'], 'BOT_NAME': 'spider_news_all', 'COOKIES_ENABLED': False, 'USER_AGENT': 'Mozilla/5.0 (Macintosh; Intel Mac OS X 10.9; rv:24.0) Gecko/20100101 Firefox/24.0', 'COMMANDS_MODULE': 'spider_news_all.commands'}
2018-09-12 11:00:01 [scrapy.middleware] INFO: Enabled extensions:
['scrapy.extensions.memusage.MemoryUsage',
 'scrapy.extensions.logstats.LogStats',
 'scrapy.extensions.telnet.TelnetConsole',
 'scrapy.extensions.corestats.CoreStats']
2018-09-12 11:00:01 [scrapy.middleware] INFO: Enabled downloader middlewares:
['scrapy.downloadermiddlewares.httpauth.HttpAuthMiddleware',
 'scrapy.downloadermiddlewares.downloadtimeout.DownloadTimeoutMiddleware',
 'scrapy.downloadermiddlewares.defaultheaders.DefaultHeadersMiddleware',
 'scrapy.downloadermiddlewares.useragent.UserAgentMiddleware',
 'scrapy.downloadermiddlewares.retry.RetryMiddleware',
 'scrapy.downloadermiddlewares.redirect.MetaRefreshMiddleware',
 'scrapy.downloadermiddlewares.httpcompression.HttpCompressionMiddleware',
 'scrapy.downloadermiddlewares.redirect.RedirectMiddleware',
 'scrapy.downloadermiddlewares.httpproxy.HttpProxyMiddleware',
 'scrapy.downloadermiddlewares.stats.DownloaderStats']
2018-09-12 11:00:01 [scrapy.middleware] INFO: Enabled spider middlewares:
['scrapy.spidermiddlewares.httperror.HttpErrorMiddleware',
 'scrapy.spidermiddlewares.offsite.OffsiteMiddleware',
 'scrapy.spidermiddlewares.referer.RefererMiddleware',
 'scrapy.spidermiddlewares.urllength.UrlLengthMiddleware',
 'scrapy.spidermiddlewares.depth.DepthMiddleware']
2018-09-12 11:00:01 [scrapy.middleware] INFO: Enabled item pipelines:
['spider_news_all.pipelines.SpiderNewsAllPipeline']
2018-09-12 11:00:01 [scrapy.core.engine] INFO: Spider opened
2018-09-12 11:00:01 [scrapy.extensions.logstats] INFO: Crawled 0 pages (at 0 pages/min), scraped 0 items (at 0 items/min)
2018-09-12 11:00:01 [scrapy.crawler] INFO: Overridden settings: {'NEWSPIDER_MODULE': 'spider_news_all.spiders', 'LOG_LEVEL': 'INFO', 'CONCURRENT_REQUESTS_PER_DOMAIN': 4, 'SPIDER_MODULES': ['spider_news_all.spiders'], 'BOT_NAME': 'spider_news_all', 'COOKIES_ENABLED': False, 'USER_AGENT': 'Mozilla/5.0 (Macintosh; Intel Mac OS X 10.9; rv:24.0) Gecko/20100101 Firefox/24.0', 'COMMANDS_MODULE': 'spider_news_all.commands'}
2018-09-12 11:00:01 [scrapy.middleware] INFO: Enabled extensions:
['scrapy.extensions.memusage.MemoryUsage',
 'scrapy.extensions.logstats.LogStats',
 'scrapy.extensions.telnet.TelnetConsole',
 'scrapy.extensions.corestats.CoreStats']
2018-09-12 11:00:01 [scrapy.middleware] INFO: Enabled downloader middlewares:
['scrapy.downloadermiddlewares.httpauth.HttpAuthMiddleware',
 'scrapy.downloadermiddlewares.downloadtimeout.DownloadTimeoutMiddleware',
 'scrapy.downloadermiddlewares.defaultheaders.DefaultHeadersMiddleware',
 'scrapy.downloadermiddlewares.useragent.UserAgentMiddleware',
 'scrapy.downloadermiddlewares.retry.RetryMiddleware',
 'scrapy.downloadermiddlewares.redirect.MetaRefreshMiddleware',
 'scrapy.downloadermiddlewares.httpcompression.HttpCompressionMiddleware',
 'scrapy.downloadermiddlewares.redirect.RedirectMiddleware',
 'scrapy.downloadermiddlewares.httpproxy.HttpProxyMiddleware',
 'scrapy.downloadermiddlewares.stats.DownloaderStats']
2018-09-12 11:00:01 [scrapy.middleware] INFO: Enabled spider middlewares:
['scrapy.spidermiddlewares.httperror.HttpErrorMiddleware',
 'scrapy.spidermiddlewares.offsite.OffsiteMiddleware',
 'scrapy.spidermiddlewares.referer.RefererMiddleware',
 'scrapy.spidermiddlewares.urllength.UrlLengthMiddleware',
 'scrapy.spidermiddlewares.depth.DepthMiddleware']
2018-09-12 11:00:01 [scrapy.middleware] INFO: Enabled item pipelines:
['spider_news_all.pipelines.SpiderNewsAllPipeline']
2018-09-12 11:00:01 [scrapy.core.engine] INFO: Spider opened
2018-09-12 11:00:01 [scrapy.extensions.logstats] INFO: Crawled 0 pages (at 0 pages/min), scraped 0 items (at 0 items/min)
2018-09-12 11:00:01 [scrapy.crawler] INFO: Overridden settings: {'NEWSPIDER_MODULE': 'spider_news_all.spiders', 'LOG_LEVEL': 'INFO', 'CONCURRENT_REQUESTS_PER_DOMAIN': 4, 'SPIDER_MODULES': ['spider_news_all.spiders'], 'BOT_NAME': 'spider_news_all', 'COOKIES_ENABLED': False, 'USER_AGENT': 'Mozilla/5.0 (Macintosh; Intel Mac OS X 10.9; rv:24.0) Gecko/20100101 Firefox/24.0', 'COMMANDS_MODULE': 'spider_news_all.commands'}
2018-09-12 11:00:01 [scrapy.middleware] INFO: Enabled extensions:
['scrapy.extensions.memusage.MemoryUsage',
 'scrapy.extensions.logstats.LogStats',
 'scrapy.extensions.telnet.TelnetConsole',
 'scrapy.extensions.corestats.CoreStats']
2018-09-12 11:00:01 [scrapy.middleware] INFO: Enabled downloader middlewares:
['scrapy.downloadermiddlewares.httpauth.HttpAuthMiddleware',
 'scrapy.downloadermiddlewares.downloadtimeout.DownloadTimeoutMiddleware',
 'scrapy.downloadermiddlewares.defaultheaders.DefaultHeadersMiddleware',
 'scrapy.downloadermiddlewares.useragent.UserAgentMiddleware',
 'scrapy.downloadermiddlewares.retry.RetryMiddleware',
 'scrapy.downloadermiddlewares.redirect.MetaRefreshMiddleware',
 'scrapy.downloadermiddlewares.httpcompression.HttpCompressionMiddleware',
 'scrapy.downloadermiddlewares.redirect.RedirectMiddleware',
 'scrapy.downloadermiddlewares.httpproxy.HttpProxyMiddleware',
 'scrapy.downloadermiddlewares.stats.DownloaderStats']
2018-09-12 11:00:01 [scrapy.middleware] INFO: Enabled spider middlewares:
['scrapy.spidermiddlewares.httperror.HttpErrorMiddleware',
 'scrapy.spidermiddlewares.offsite.OffsiteMiddleware',
 'scrapy.spidermiddlewares.referer.RefererMiddleware',
 'scrapy.spidermiddlewares.urllength.UrlLengthMiddleware',
 'scrapy.spidermiddlewares.depth.DepthMiddleware']
2018-09-12 11:00:01 [scrapy.middleware] INFO: Enabled item pipelines:
['spider_news_all.pipelines.SpiderNewsAllPipeline']
2018-09-12 11:00:01 [scrapy.core.engine] INFO: Spider opened
2018-09-12 11:00:01 [scrapy.extensions.logstats] INFO: Crawled 0 pages (at 0 pages/min), scraped 0 items (at 0 items/min)
2018-09-12 11:00:02 [py.warnings] WARNING: /usr/local/opt/spider_news_all/spider_news_all/spiders/oschina.py:192: ScrapyDeprecationWarning: log.msg has been deprecated, create a python logger and log through it instead
  log.msg("Start to parse page " + response.url, level=log.INFO)

2018-09-12 11:00:02 [scrapy.log] INFO: Start to parse page https://www.oschina.net/news/widgets/_news_index_generic_list?p=1&type=ajax
2018-09-12 11:00:02 [py.warnings] WARNING: /usr/local/opt/spider_news_all/spider_news_all/spiders/oschina.py:202: UserWarning: No parser was explicitly specified, so I'm using the best available HTML parser for this system ("lxml"). This usually isn't a problem, but if you run this code on another system, or in a different virtual environment, it may use a different parser and behave differently.

The code that caused this warning is on line 202 of the file /usr/local/opt/spider_news_all/spider_news_all/spiders/oschina.py. To get rid of this warning, pass the additional argument 'features="lxml"' to the BeautifulSoup constructor.

  soup = BeautifulSoup(response)

2018-09-12 11:00:02 [scrapy.log] INFO: Start to parse page https://www.oschina.net/news/widgets/_news_index_programming_language_list?p=1&type=ajax
2018-09-12 11:00:02 [scrapy.log] INFO: Start to parse page https://www.oschina.net/news/widgets/_news_index_industry_list?p=1&type=ajax
2018-09-12 11:00:02 [scrapy.core.engine] INFO: Closing spider (finished)
2018-09-12 11:00:02 [scrapy.statscollectors] INFO: Dumping Scrapy stats:
{'downloader/request_bytes': 950,
 'downloader/request_count': 3,
 'downloader/request_method_count/GET': 3,
 'downloader/response_bytes': 19943,
 'downloader/response_count': 3,
 'downloader/response_status_count/200': 3,
 'finish_reason': 'finished',
 'finish_time': datetime.datetime(2018, 9, 12, 3, 0, 2, 268699),
 'log_count/INFO': 10,
 'log_count/WARNING': 2,
 'memusage/max': 56930304,
 'memusage/startup': 56930304,
 'response_received_count': 3,
 'scheduler/dequeued': 3,
 'scheduler/dequeued/memory': 3,
 'scheduler/enqueued': 3,
 'scheduler/enqueued/memory': 3,
 'start_time': datetime.datetime(2018, 9, 12, 3, 0, 1, 779757)}
2018-09-12 11:00:02 [scrapy.core.engine] INFO: Spider closed (finished)
2018-09-12 11:00:03 [py.warnings] WARNING: /usr/local/opt/spider_news_all/spider_news_all/spiders/infoq.py:182: ScrapyDeprecationWarning: log.msg has been deprecated, create a python logger and log through it instead
  log.msg("Start to parse page " + response.url, level=log.INFO)

2018-09-12 11:00:03 [scrapy.log] INFO: Start to parse page http://www.infoq.com/cn/architecture-design/news/0
2018-09-12 11:00:03 [py.warnings] WARNING: /usr/local/opt/spider_news_all/spider_news_all/spiders/infoq.py:192: UserWarning: No parser was explicitly specified, so I'm using the best available HTML parser for this system ("lxml"). This usually isn't a problem, but if you run this code on another system, or in a different virtual environment, it may use a different parser and behave differently.

The code that caused this warning is on line 192 of the file /usr/local/opt/spider_news_all/spider_news_all/spiders/infoq.py. To get rid of this warning, pass the additional argument 'features="lxml"' to the BeautifulSoup constructor.

  soup = BeautifulSoup(response)

2018-09-12 11:00:03 [py.warnings] WARNING: /usr/local/opt/spider_news_all/spider_news_all/spiders/akamai_blog.py:149: ScrapyDeprecationWarning: log.msg has been deprecated, create a python logger and log through it instead
  log.msg("Start to parse page " + response.url, level=log.INFO)

2018-09-12 11:00:03 [scrapy.log] INFO: Start to parse page https://blogs.akamai.com/
2018-09-12 11:00:03 [scrapy.core.scraper] ERROR: Spider error processing <GET https://blogs.akamai.com/> (referer: None)
Traceback (most recent call last):
  File "/usr/lib64/python2.7/site-packages/twisted/internet/defer.py", line 654, in _runCallbacks
    current.result = callback(current.result, *args, **kw)
  File "/usr/local/opt/spider_news_all/spider_news_all/spiders/akamai_blog.py", line 154, in parse
    start_url = re.search("(.*)/\d+",url).group(1)
AttributeError: 'NoneType' object has no attribute 'group'
2018-09-12 11:00:03 [scrapy.log] INFO: Start to parse page http://www.infoq.com/cn/ai-ml-data-eng/news/0
2018-09-12 11:00:03 [scrapy.log] INFO: Start to parse page http://www.infoq.com/cn/culture-methods/news/0
2018-09-12 11:00:04 [scrapy.core.engine] INFO: Closing spider (finished)
2018-09-12 11:00:04 [scrapy.statscollectors] INFO: Dumping Scrapy stats:
{'downloader/request_bytes': 262,
 'downloader/request_count': 1,
 'downloader/request_method_count/GET': 1,
 'downloader/response_bytes': 14890,
 'downloader/response_count': 1,
 'downloader/response_status_count/200': 1,
 'finish_reason': 'finished',
 'finish_time': datetime.datetime(2018, 9, 12, 3, 0, 4, 79085),
 'log_count/ERROR': 1,
 'log_count/INFO': 31,
 'log_count/WARNING': 5,
 'memusage/max': 56541184,
 'memusage/startup': 56541184,
 'response_received_count': 1,
 'scheduler/dequeued': 1,
 'scheduler/dequeued/memory': 1,
 'scheduler/enqueued': 1,
 'scheduler/enqueued/memory': 1,
 'spider_exceptions/AttributeError': 1,
 'start_time': datetime.datetime(2018, 9, 12, 3, 0, 1, 752277)}
2018-09-12 11:00:04 [scrapy.core.engine] INFO: Spider closed (finished)
2018-09-12 11:00:05 [scrapy.log] INFO: Start to parse page http://www.infoq.com/cn/Devops/news/0
2018-09-12 11:00:05 [scrapy.log] INFO: Start to parse page http://www.infoq.com/cn/development/articles/0
2018-09-12 11:00:05 [scrapy.log] INFO: Start to parse page http://www.infoq.com/cn/architecture-design/articles/0
2018-09-12 11:00:06 [scrapy.log] INFO: Start to parse page http://www.infoq.com/cn/ai-ml-data-eng/articles/0
2018-09-12 11:00:06 [scrapy.log] INFO: Start to parse page http://www.infoq.com/cn/culture-methods/articles/0
2018-09-12 11:00:07 [scrapy.log] INFO: Start to parse page http://www.infoq.com/cn/Devops/articles/0
2018-09-12 11:00:07 [scrapy.log] INFO: Start to parse page http://www.infoq.com/cn/articles/0
2018-09-12 11:00:08 [scrapy.log] INFO: Start to parse page http://www.infoq.com/cn/news/0
2018-09-12 11:00:58 [scrapy.log] INFO: Start to parse page http://www.infoq.com/cn/development/news/0
2018-09-12 11:01:00 [py.warnings] WARNING: /usr/local/opt/spider_news_all/spider_news_all/spiders/infoq.py:125: ScrapyDeprecationWarning: log.msg has been deprecated, create a python logger and log through it instead
  log.msg("Start to parse news " + response.url, level=log.INFO)

2018-09-12 11:01:00 [scrapy.log] INFO: Start to parse news http://www.infoq.com/cn/news/2018/09/fb-reform-reactdom-react-fire
2018-09-12 11:01:00 [py.warnings] WARNING: /usr/local/opt/spider_news_all/spider_news_all/spiders/infoq.py:133: UserWarning: No parser was explicitly specified, so I'm using the best available HTML parser for this system ("lxml"). This usually isn't a problem, but if you run this code on another system, or in a different virtual environment, it may use a different parser and behave differently.

The code that caused this warning is on line 133 of the file /usr/local/opt/spider_news_all/spider_news_all/spiders/infoq.py. To get rid of this warning, pass the additional argument 'features="lxml"' to the BeautifulSoup constructor.

  soup = BeautifulSoup(response)

2018-09-12 11:01:00 [py.warnings] WARNING: /usr/local/opt/spider_news_all/spider_news_all/spiders/infoq.py:148: UserWarning: No parser was explicitly specified, so I'm using the best available HTML parser for this system ("lxml"). This usually isn't a problem, but if you run this code on another system, or in a different virtual environment, it may use a different parser and behave differently.

The code that caused this warning is on line 148 of the file /usr/local/opt/spider_news_all/spider_news_all/spiders/infoq.py. To get rid of this warning, pass the additional argument 'features="lxml"' to the BeautifulSoup constructor.

  article = BeautifulSoup(''.join([str(tag) for tag in article])).get_text().strip()

2018-09-12 11:01:00 [scrapy.log] INFO: Start to parse page http://www.infoq.com/cn/development/news/15
2018-09-12 11:01:00 [scrapy.log] INFO: Start to parse news http://www.infoq.com/cn/news/2018/09/gcp-app-engine-python-php
2018-09-12 11:01:01 [scrapy.extensions.logstats] INFO: Crawled 16 pages (at 16 pages/min), scraped 2 items (at 2 items/min)
2018-09-12 11:01:01 [scrapy.log] INFO: Start to parse news http://www.infoq.com/cn/news/2018/09/golang-1.11-modules-we
2018-09-12 11:01:02 [scrapy.log] INFO: Start to parse news http://www.infoq.com/cn/news/2018/09/cncf-harbor-registry
2018-09-12 11:01:02 [scrapy.log] INFO: Start to parse news http://www.infoq.com/cn/news/2018/09/DApp-depression
2018-09-12 11:01:03 [scrapy.log] INFO: Start to parse news http://www.infoq.com/cn/news/2018/09/microprofile-1.4-and-2.0
2018-09-12 11:01:03 [scrapy.log] INFO: Start to parse news http://www.infoq.com/cn/news/2018/09/Istio-lin-sun
2018-09-12 11:01:03 [scrapy.log] INFO: Start to parse news http://www.infoq.com/cn/news/2018/09/Google-open-source-Tink-1.2
2018-09-12 11:01:04 [scrapy.log] INFO: Start to parse news http://www.infoq.com/cn/news/2018/09/vue-v3-refactoring
2018-09-12 11:01:04 [scrapy.log] INFO: Start to parse news http://www.infoq.com/cn/news/2018/09/windows-containers-app-service
2018-09-12 11:01:05 [scrapy.log] INFO: Start to parse news http://www.infoq.com/cn/news/2018/09/google-tink-cryto-ios-android
2018-09-12 11:01:05 [scrapy.log] INFO: Start to parse news http://www.infoq.com/cn/news/2018/09/google-cloud-ai-text-speech
2018-09-12 11:01:06 [scrapy.log] INFO: Start to parse news http://www.infoq.com/cn/news/2018/09/atlassian-jira-opsgenie
2018-09-12 11:01:06 [scrapy.log] INFO: Start to parse page http://www.infoq.com/cn/development/news/30
2018-09-12 11:01:07 [scrapy.log] INFO: Start to parse news http://www.infoq.com/cn/news/2018/09/aspnetcore-with-java-signalr
2018-09-12 11:01:07 [scrapy.log] INFO: Start to parse news http://www.infoq.com/cn/news/2018/08/meitu-DirectorLin-DPos-Ethereum
2018-09-12 11:01:08 [scrapy.log] INFO: Start to parse news http://www.infoq.com/cn/news/2018/08/bitbucket-5.13
2018-09-12 11:01:08 [scrapy.log] INFO: Start to parse news http://www.infoq.com/cn/news/2018/08/new-AngularJS-updatetools
2018-09-12 11:01:09 [scrapy.log] INFO: Start to parse news http://www.infoq.com/cn/news/2018/08/18-11-react-native-componetlib
2018-09-12 11:01:09 [scrapy.log] INFO: Start to parse news http://www.infoq.com/cn/news/2018/08/google-opensource-dopamine
2018-09-12 11:01:10 [scrapy.log] INFO: Start to parse news http://www.infoq.com/cn/news/2018/08/babel7-published
2018-09-12 11:01:10 [scrapy.log] INFO: Start to parse news http://www.infoq.com/cn/news/2018/08/vs2017-158-released
2018-09-12 11:01:11 [scrapy.log] INFO: Start to parse news http://www.infoq.com/cn/news/2018/08/intellij-idea-2018.2
2018-09-12 11:01:11 [scrapy.log] INFO: Start to parse news http://www.infoq.com/cn/news/2018/08/blockchain-for-software-develope
2018-09-12 11:01:12 [scrapy.log] INFO: Start to parse news http://www.infoq.com/cn/news/2018/09/stamford-opensource-Sparser
2018-09-12 11:01:12 [scrapy.log] INFO: Start to parse news http://www.infoq.com/cn/news/2018/09/airbnb-mvrx-android-framework
2018-09-12 11:01:13 [scrapy.log] INFO: Start to parse news http://www.infoq.com/cn/news/2018/09/hazelcast-new-ceo
2018-09-12 11:01:13 [scrapy.log] INFO: Start to parse news http://www.infoq.com/cn/news/2018/09/TencentTEG
2018-09-12 11:01:14 [scrapy.log] INFO: Start to parse news http://www.infoq.com/cn/news/2018/09/cloud-native-reactive-reality
2018-09-12 11:01:15 [scrapy.log] INFO: Start to parse news http://www.infoq.com/cn/news/2018/08/jws5
2018-09-12 11:01:15 [scrapy.log] INFO: Start to parse news http://www.infoq.com/cn/news/2018/08/netcore-tiered-compilation
2018-09-12 11:01:15 [scrapy.log] INFO: Start to parse news http://www.infoq.com/cn/news/2018/08/Core-3-Portability-WPF-WinForms
2018-09-12 11:01:16 [scrapy.log] INFO: Start to parse news http://www.infoq.com/cn/news/2018/08/intel-foreshadow-vulnerability
2018-09-12 11:01:16 [scrapy.log] INFO: Start to parse news http://www.infoq.com/cn/news/2018/08/uber-fusionjs-framework
2018-09-12 11:01:16 [scrapy.log] INFO: Start to parse news http://www.infoq.com/cn/news/2018/08/julia-lang-1.0
2018-09-12 11:01:17 [scrapy.log] INFO: Start to parse news http://www.infoq.com/cn/news/2018/08/windows-driver-module-framework
2018-09-12 11:01:18 [scrapy.log] INFO: Start to parse news http://www.infoq.com/cn/news/2018/08/nats-liftbridge
2018-09-12 11:01:18 [scrapy.log] INFO: Start to parse news http://www.infoq.com/cn/news/2018/08/bing-speedup-dotnet-core-2.1
2018-09-12 11:01:19 [scrapy.log] INFO: Start to parse news http://www.infoq.com/cn/news/2018/08/Machine-Le-Android-Smart-Linkify
2018-09-12 11:01:19 [scrapy.log] INFO: Start to parse news http://www.infoq.com/cn/news/2018/08/block-chain-community-well
2018-09-12 11:01:19 [scrapy.log] INFO: Start to parse news http://www.infoq.com/cn/news/2018/08/docker-desktop-kubernetes
2018-09-12 11:01:20 [scrapy.log] INFO: Start to parse news http://www.infoq.com/cn/news/2018/08/aurora-mysql-serverless-ga
2018-09-12 11:01:20 [scrapy.log] INFO: Start to parse news http://www.infoq.com/cn/news/2018/08/Kubernetes-so-easy
2018-09-12 11:01:20 [scrapy.log] INFO: Start to parse news http://www.infoq.com/cn/news/2018/08/open-source-flow-computing
2018-09-12 11:01:21 [scrapy.log] INFO: Start to parse news http://www.infoq.com/cn/news/2018/09/California-Consumer-Privacy-Act
2018-09-12 11:02:01 [scrapy.extensions.logstats] INFO: Crawled 58 pages (at 42 pages/min), scraped 44 items (at 42 items/min)
2018-09-12 11:02:07 [scrapy.log] INFO: Start to parse news http://www.infoq.com/cn/news/2018/09/Ms-sketch2Code-opensourcing
2018-09-12 11:02:07 [scrapy.core.engine] INFO: Closing spider (finished)
2018-09-12 11:02:07 [scrapy.statscollectors] INFO: Dumping Scrapy stats:
{'downloader/request_bytes': 19907,
 'downloader/request_count': 59,
 'downloader/request_method_count/GET': 59,
 'downloader/response_bytes': 4428728,
 'downloader/response_count': 59,
 'downloader/response_status_count/200': 59,
 'finish_reason': 'finished',
 'finish_time': datetime.datetime(2018, 9, 12, 3, 2, 7, 219018),
 'item_scraped_count': 45,
 'log_count/ERROR': 1,
 'log_count/INFO': 85,
 'log_count/WARNING': 8,
 'memusage/max': 102981632,
 'memusage/startup': 56692736,
 'request_depth_max': 3,
 'response_received_count': 59,
 'scheduler/dequeued': 59,
 'scheduler/dequeued/memory': 59,
 'scheduler/enqueued': 59,
 'scheduler/enqueued/memory': 59,
 'start_time': datetime.datetime(2018, 9, 12, 3, 0, 1, 766077)}
2018-09-12 11:02:07 [scrapy.core.engine] INFO: Spider closed (finished)
*********cralall spidername************akamai_blog
*********cralall spidername************infoq
*********cralall spidername************oschina
